[04/Dec/2013 01:49:56] DEBUG [myapp.views:113] ankitgupta logged in
[04/Dec/2013 01:51:30] DEBUG [myapp.views:113] ankitgupta logged in
[04/Dec/2013 01:54:21] DEBUG [myapp.views:113] ankitgupta logged in
[04/Dec/2013 02:01:30] DEBUG [myapp.views:113] ankitgupta logged in
[04/Dec/2013 02:01:32] DEBUG [myapp.views:205] ankitguptauploaded files
[04/Dec/2013 02:01:48] DEBUG [myapp.views:157] ankitguptapassword changed
[04/Dec/2013 02:05:00] DEBUG [myapp.views:113] ankitgupta logged in
[04/Dec/2013 02:05:17] DEBUG [myapp.views:205] ankitguptauploaded files
[04/Dec/2013 02:10:11] DEBUG [myapp.views:113] ankitgupta logged in
[04/Dec/2013 02:10:13] DEBUG [myapp.views:205] ankitguptauploaded files
[04/Dec/2013 02:10:57] DEBUG [myapp.views:113] ankitgupta logged in
[04/Dec/2013 02:10:58] DEBUG [myapp.views:205] ankitguptauploaded files
[04/Dec/2013 02:10:58] DEBUG [myapp.views:41] ankitgupta synched
[04/Dec/2013 02:11:02] DEBUG [myapp.views:41] ankitgupta synched
[04/Dec/2013 02:11:06] DEBUG [myapp.views:41] ankitgupta synched
[04/Dec/2013 02:11:10] DEBUG [myapp.views:41] ankitgupta synched
[04/Dec/2013 02:11:15] DEBUG [myapp.views:41] ankitgupta synched
[04/Dec/2013 02:13:20] INFO [myapp.views:116] Attempted login by ankitupta
[04/Dec/2013 02:13:23] INFO [myapp.views:113] ankitgupta logged in
[04/Dec/2013 02:13:24] INFO [myapp.views:205] ankitguptauploaded files
[04/Dec/2013 02:13:24] INFO [myapp.views:41] ankitgupta synced
[04/Dec/2013 02:13:28] INFO [myapp.views:41] ankitgupta synced
[04/Dec/2013 02:13:33] INFO [myapp.views:41] ankitgupta synced
[04/Dec/2013 02:13:37] INFO [myapp.views:41] ankitgupta synced
[04/Dec/2013 02:13:41] INFO [myapp.views:41] ankitgupta synced
[04/Dec/2013 02:13:45] INFO [myapp.views:41] ankitgupta synced
[04/Dec/2013 02:13:49] INFO [myapp.views:41] ankitgupta synced
[04/Dec/2013 02:13:53] INFO [myapp.views:41] ankitgupta synced
[04/Dec/2013 02:13:57] INFO [myapp.views:41] ankitgupta synced
[04/Dec/2013 02:14:01] INFO [myapp.views:41] ankitgupta synced
[04/Dec/2013 02:14:05] INFO [myapp.views:41] ankitgupta synced
[04/Dec/2013 02:14:10] INFO [myapp.views:41] ankitgupta synced
[04/Dec/2013 02:14:14] INFO [myapp.views:41] ankitgupta synced
[04/Dec/2013 02:14:18] INFO [myapp.views:41] ankitgupta synced
[04/Dec/2013 02:14:22] INFO [myapp.views:41] ankitgupta synced
[04/Dec/2013 02:14:26] INFO [myapp.views:41] ankitgupta synced
[04/Dec/2013 02:14:30] INFO [myapp.views:41] ankitgupta synced
[04/Dec/2013 02:14:34] INFO [myapp.views:41] ankitgupta synced
[04/Dec/2013 02:14:38] INFO [myapp.views:41] ankitgupta synced
[04/Dec/2013 02:14:42] INFO [myapp.views:41] ankitgupta synced
[04/Dec/2013 02:14:47] INFO [myapp.views:41] ankitgupta synced
[04/Dec/2013 02:14:51] INFO [myapp.views:41] ankitgupta synced
[04/Dec/2013 02:14:55] INFO [myapp.views:41] ankitgupta synced
[04/Dec/2013 02:14:59] INFO [myapp.views:41] ankitgupta synced
[04/Dec/2013 02:15:03] INFO [myapp.views:41] ankitgupta synced
[04/Dec/2013 02:15:07] INFO [myapp.views:41] ankitgupta synced
[04/Dec/2013 02:15:11] INFO [myapp.views:41] ankitgupta synced
[04/Dec/2013 02:15:15] INFO [myapp.views:41] ankitgupta synced
[04/Dec/2013 02:15:19] INFO [myapp.views:41] ankitgupta synced
[04/Dec/2013 02:15:24] INFO [myapp.views:41] ankitgupta synced
[04/Dec/2013 02:15:28] INFO [myapp.views:41] ankitgupta synced
[04/Dec/2013 02:15:30] INFO [myapp.views:205] ankitgupta uploaded files
[04/Dec/2013 02:15:30] INFO [myapp.views:41] ankitgupta synced
[04/Dec/2013 02:15:32] INFO [myapp.views:41] ankitgupta synced
[04/Dec/2013 02:15:36] INFO [myapp.views:41] ankitgupta synced
[04/Dec/2013 02:15:40] INFO [myapp.views:41] ankitgupta synced
[04/Dec/2013 02:15:43] INFO [myapp.views:205] ankitgupta uploaded files
[04/Dec/2013 02:15:43] INFO [myapp.views:41] ankitgupta synced
[04/Dec/2013 02:15:44] INFO [myapp.views:41] ankitgupta synced
[04/Dec/2013 02:15:48] INFO [myapp.views:41] ankitgupta synced
[04/Dec/2013 02:15:54] INFO [myapp.views:113] ankitgupta logged in
[04/Dec/2013 02:16:16] INFO [myapp.views:205] ankitgupta uploaded files
[04/Dec/2013 02:16:16] INFO [myapp.views:41] ankitgupta synced
[04/Dec/2013 02:16:20] INFO [myapp.views:41] ankitgupta synced
[04/Dec/2013 02:16:24] INFO [myapp.views:41] ankitgupta synced
[04/Dec/2013 02:16:28] INFO [myapp.views:41] ankitgupta synced
[04/Dec/2013 02:16:32] INFO [myapp.views:41] ankitgupta synced
[04/Dec/2013 02:16:36] INFO [myapp.views:41] ankitgupta synced
[04/Dec/2013 02:16:40] INFO [myapp.views:41] ankitgupta synced
[04/Dec/2013 02:16:44] INFO [myapp.views:41] ankitgupta synced
[04/Dec/2013 02:16:49] INFO [myapp.views:41] ankitgupta synced
[04/Dec/2013 02:16:53] INFO [myapp.views:41] ankitgupta synced
[04/Dec/2013 02:16:57] INFO [myapp.views:41] ankitgupta synced
[04/Dec/2013 02:17:01] INFO [myapp.views:41] ankitgupta synced
[04/Dec/2013 02:17:05] INFO [myapp.views:41] ankitgupta synced
[04/Dec/2013 02:17:09] INFO [myapp.views:41] ankitgupta synced
[04/Dec/2013 02:17:13] INFO [myapp.views:41] ankitgupta synced
[04/Dec/2013 02:17:17] INFO [myapp.views:41] ankitgupta synced
[04/Dec/2013 02:17:21] INFO [myapp.views:41] ankitgupta synced
[04/Dec/2013 02:17:25] INFO [myapp.views:41] ankitgupta synced
[04/Dec/2013 02:17:30] INFO [myapp.views:41] ankitgupta synced
[04/Dec/2013 02:17:34] INFO [myapp.views:41] ankitgupta synced
[04/Dec/2013 02:17:38] INFO [myapp.views:41] ankitgupta synced
[04/Dec/2013 02:17:42] INFO [myapp.views:41] ankitgupta synced
[04/Dec/2013 02:17:46] INFO [myapp.views:41] ankitgupta synced
[04/Dec/2013 02:17:50] INFO [myapp.views:41] ankitgupta synced
[04/Dec/2013 02:17:54] INFO [myapp.views:41] ankitgupta synced
[04/Dec/2013 02:17:58] INFO [myapp.views:41] ankitgupta synced
[04/Dec/2013 02:18:02] INFO [myapp.views:41] ankitgupta synced
[04/Dec/2013 02:18:07] INFO [myapp.views:41] ankitgupta synced
[04/Dec/2013 02:18:11] INFO [myapp.views:41] ankitgupta synced
[04/Dec/2013 02:18:15] INFO [myapp.views:41] ankitgupta synced
[04/Dec/2013 02:18:19] INFO [myapp.views:41] ankitgupta synced
[04/Dec/2013 02:18:23] INFO [myapp.views:41] ankitgupta synced
[04/Dec/2013 02:18:27] INFO [myapp.views:41] ankitgupta synced
[04/Dec/2013 02:18:31] INFO [myapp.views:41] ankitgupta synced
[04/Dec/2013 02:18:33] INFO [myapp.views:205] ankitgupta uploaded files
[04/Dec/2013 02:18:33] INFO [myapp.views:41] ankitgupta synced
[04/Dec/2013 02:18:35] INFO [myapp.views:41] ankitgupta synced
[04/Dec/2013 02:18:37] INFO [myapp.views:205] ankitgupta uploaded files
[04/Dec/2013 02:18:37] INFO [myapp.views:41] ankitgupta synced
[04/Dec/2013 02:18:39] INFO [myapp.views:41] ankitgupta synced
[04/Dec/2013 02:18:44] INFO [myapp.views:41] ankitgupta synced
[04/Dec/2013 02:18:48] INFO [myapp.views:41] ankitgupta synced
[04/Dec/2013 02:18:52] INFO [myapp.views:41] ankitgupta synced
[04/Dec/2013 02:18:56] INFO [myapp.views:41] ankitgupta synced
[04/Dec/2013 02:19:00] INFO [myapp.views:41] ankitgupta synced
[04/Dec/2013 02:19:04] INFO [myapp.views:41] ankitgupta synced
[04/Dec/2013 02:19:08] INFO [myapp.views:41] ankitgupta synced
[04/Dec/2013 02:19:12] INFO [myapp.views:41] ankitgupta synced
[04/Dec/2013 02:19:16] INFO [myapp.views:41] ankitgupta synced
[04/Dec/2013 02:19:18] INFO [myapp.views:205] ankitgupta uploaded files
[04/Dec/2013 02:19:18] INFO [myapp.views:41] ankitgupta synced
[04/Dec/2013 02:19:21] INFO [myapp.views:41] ankitgupta synced
[04/Dec/2013 02:19:25] INFO [myapp.views:41] ankitgupta synced
[04/Dec/2013 02:19:29] INFO [myapp.views:41] ankitgupta synced
[04/Dec/2013 02:19:33] INFO [myapp.views:41] ankitgupta synced
[04/Dec/2013 02:19:37] INFO [myapp.views:41] ankitgupta synced
[04/Dec/2013 02:20:06] INFO [myapp.views:113] ankitgupta logged in
[04/Dec/2013 02:20:12] INFO [myapp.views:205] ankitgupta uploaded files
[04/Dec/2013 02:20:12] INFO [myapp.views:41] ankitgupta synced
[04/Dec/2013 02:20:16] INFO [myapp.views:41] ankitgupta synced
[04/Dec/2013 02:20:21] INFO [myapp.views:41] ankitgupta synced
[04/Dec/2013 02:20:25] INFO [myapp.views:41] ankitgupta synced
[04/Dec/2013 02:20:29] INFO [myapp.views:41] ankitgupta synced
[04/Dec/2013 02:20:33] INFO [myapp.views:41] ankitgupta synced
[04/Dec/2013 02:20:37] INFO [myapp.views:41] ankitgupta synced
[04/Dec/2013 02:20:41] INFO [myapp.views:41] ankitgupta synced
[04/Dec/2013 02:20:45] INFO [myapp.views:41] ankitgupta synced
[04/Dec/2013 02:20:49] INFO [myapp.views:41] ankitgupta synced
[04/Dec/2013 02:20:53] INFO [myapp.views:41] ankitgupta synced
[04/Dec/2013 02:20:57] INFO [myapp.views:41] ankitgupta synced
[04/Dec/2013 02:21:02] INFO [myapp.views:41] ankitgupta synced
[04/Dec/2013 02:21:03] INFO [myapp.views:205] ankitgupta uploaded files
[04/Dec/2013 02:21:03] INFO [myapp.views:41] ankitgupta synced
[04/Dec/2013 02:21:06] INFO [myapp.views:41] ankitgupta synced
[04/Dec/2013 02:21:10] INFO [myapp.views:41] ankitgupta synced
[04/Dec/2013 02:21:10] INFO [myapp.views:205] ankitgupta uploaded files
[04/Dec/2013 02:21:10] INFO [myapp.views:41] ankitgupta synced
[04/Dec/2013 02:21:14] INFO [myapp.views:41] ankitgupta synced
[04/Dec/2013 02:21:18] INFO [myapp.views:41] ankitgupta synced
[04/Dec/2013 02:21:59] INFO [myapp.views:113] ankitgupta logged in
[04/Dec/2013 02:22:01] INFO [myapp.views:205] ankitgupta uploaded files
[04/Dec/2013 02:22:01] INFO [myapp.views:41] ankitgupta synced
[04/Dec/2013 02:22:05] INFO [myapp.views:41] ankitgupta synced
[04/Dec/2013 02:22:09] INFO [myapp.views:41] ankitgupta synced
[04/Dec/2013 02:22:13] INFO [myapp.views:41] ankitgupta synced
[04/Dec/2013 02:22:17] INFO [myapp.views:41] ankitgupta synced
[04/Dec/2013 02:22:21] INFO [myapp.views:41] ankitgupta synced
[04/Dec/2013 02:22:25] INFO [myapp.views:41] ankitgupta synced
[04/Dec/2013 02:22:29] INFO [myapp.views:41] ankitgupta synced
[04/Dec/2013 02:22:34] INFO [myapp.views:41] ankitgupta synced
[04/Dec/2013 02:22:38] INFO [myapp.views:41] ankitgupta synced
[04/Dec/2013 02:22:42] INFO [myapp.views:41] ankitgupta synced
[04/Dec/2013 02:22:46] INFO [myapp.views:41] ankitgupta synced
[04/Dec/2013 02:22:49] INFO [myapp.views:205] ankitgupta uploaded files
[04/Dec/2013 02:22:49] INFO [myapp.views:41] ankitgupta synced
[04/Dec/2013 02:22:50] INFO [myapp.views:41] ankitgupta synced
[04/Dec/2013 02:22:54] INFO [myapp.views:205] ankitgupta uploaded files
[04/Dec/2013 02:22:54] INFO [myapp.views:41] ankitgupta synced
[04/Dec/2013 02:22:54] INFO [myapp.views:41] ankitgupta synced
[04/Dec/2013 02:22:58] INFO [myapp.views:41] ankitgupta synced
[04/Dec/2013 02:23:04] INFO [myapp.views:113] ankitgupta logged in
[04/Dec/2013 02:24:45] INFO [myapp.views:113] ankitgupta logged in
[04/Dec/2013 02:28:51] INFO [myapp.views:113] ankitgupta logged in
[04/Dec/2013 02:29:05] INFO [myapp.views:113] ankitgupta logged in
[04/Dec/2013 02:29:08] INFO [myapp.views:205] ankitgupta uploaded files
[04/Dec/2013 02:29:08] INFO [myapp.views:41] ankitgupta synced
[04/Dec/2013 02:29:12] INFO [myapp.views:41] ankitgupta synced
[04/Dec/2013 02:29:17] INFO [myapp.views:41] ankitgupta synced
[04/Dec/2013 02:29:21] INFO [myapp.views:41] ankitgupta synced
[04/Dec/2013 02:29:25] INFO [myapp.views:41] ankitgupta synced
[04/Dec/2013 02:29:29] INFO [myapp.views:41] ankitgupta synced
[04/Dec/2013 02:29:29] INFO [myapp.views:205] ankitgupta uploaded files
[04/Dec/2013 02:29:29] INFO [myapp.views:41] ankitgupta synced
[04/Dec/2013 02:29:33] INFO [myapp.views:41] ankitgupta synced
[04/Dec/2013 02:29:34] INFO [myapp.views:41] ankitgupta synced
[04/Dec/2013 02:29:37] INFO [myapp.views:41] ankitgupta synced
[04/Dec/2013 02:29:38] INFO [myapp.views:41] ankitgupta synced
[04/Dec/2013 02:29:41] INFO [myapp.views:41] ankitgupta synced
[04/Dec/2013 02:29:42] INFO [myapp.views:41] ankitgupta synced
[04/Dec/2013 02:29:45] INFO [myapp.views:41] ankitgupta synced
[04/Dec/2013 02:29:46] INFO [myapp.views:41] ankitgupta synced
[04/Dec/2013 02:29:49] INFO [myapp.views:41] ankitgupta synced
[04/Dec/2013 02:29:51] INFO [myapp.views:41] ankitgupta synced
[04/Dec/2013 02:29:54] INFO [myapp.views:41] ankitgupta synced
[04/Dec/2013 02:29:55] INFO [myapp.views:41] ankitgupta synced
[04/Dec/2013 02:29:58] INFO [myapp.views:41] ankitgupta synced
[04/Dec/2013 02:29:59] INFO [myapp.views:41] ankitgupta synced
[04/Dec/2013 02:30:02] INFO [myapp.views:41] ankitgupta synced
[04/Dec/2013 02:30:04] INFO [myapp.views:41] ankitgupta synced
[04/Dec/2013 02:30:06] INFO [myapp.views:41] ankitgupta synced
[04/Dec/2013 02:30:09] INFO [myapp.views:41] ankitgupta synced
[04/Dec/2013 02:30:10] INFO [myapp.views:41] ankitgupta synced
[04/Dec/2013 02:30:13] INFO [myapp.views:41] ankitgupta synced
[04/Dec/2013 02:30:14] INFO [myapp.views:41] ankitgupta synced
[04/Dec/2013 02:30:17] INFO [myapp.views:41] ankitgupta synced
[04/Dec/2013 02:30:18] INFO [myapp.views:41] ankitgupta synced
[04/Dec/2013 02:30:21] INFO [myapp.views:41] ankitgupta synced
[04/Dec/2013 02:30:22] INFO [myapp.views:41] ankitgupta synced
[04/Dec/2013 02:30:26] INFO [myapp.views:41] ankitgupta synced
[04/Dec/2013 02:30:26] INFO [myapp.views:41] ankitgupta synced
[04/Dec/2013 02:30:30] INFO [myapp.views:41] ankitgupta synced
[04/Dec/2013 02:30:31] INFO [myapp.views:41] ankitgupta synced
[04/Dec/2013 02:30:34] INFO [myapp.views:41] ankitgupta synced
[04/Dec/2013 02:30:35] INFO [myapp.views:41] ankitgupta synced
[04/Dec/2013 02:30:38] INFO [myapp.views:41] ankitgupta synced
[04/Dec/2013 02:30:39] INFO [myapp.views:41] ankitgupta synced
[04/Dec/2013 02:30:42] INFO [myapp.views:41] ankitgupta synced
[04/Dec/2013 02:30:43] INFO [myapp.views:41] ankitgupta synced
[04/Dec/2013 02:30:47] INFO [myapp.views:41] ankitgupta synced
[04/Dec/2013 02:30:47] INFO [myapp.views:41] ankitgupta synced
[04/Dec/2013 02:30:51] INFO [myapp.views:41] ankitgupta synced
[04/Dec/2013 02:30:51] INFO [myapp.views:41] ankitgupta synced
[04/Dec/2013 02:30:55] INFO [myapp.views:41] ankitgupta synced
[04/Dec/2013 02:30:55] INFO [myapp.views:41] ankitgupta synced
[04/Dec/2013 02:30:59] INFO [myapp.views:41] ankitgupta synced
[04/Dec/2013 02:33:18] INFO [myapp.views:113] ankitgupta logged in
[04/Dec/2013 02:33:24] INFO [myapp.views:205] ankitgupta uploaded files
[04/Dec/2013 02:33:25] INFO [myapp.views:41] ankitgupta synced
[04/Dec/2013 02:33:29] INFO [myapp.views:41] ankitgupta synced
[04/Dec/2013 02:33:33] INFO [myapp.views:41] ankitgupta synced
[04/Dec/2013 02:33:38] INFO [myapp.views:41] ankitgupta synced
[04/Dec/2013 02:33:43] INFO [myapp.views:41] ankitgupta synced
[04/Dec/2013 02:33:47] INFO [myapp.views:41] ankitgupta synced
[04/Dec/2013 02:33:51] INFO [myapp.views:41] ankitgupta synced
[04/Dec/2013 02:33:55] INFO [myapp.views:41] ankitgupta synced
[04/Dec/2013 02:33:59] INFO [myapp.views:41] ankitgupta synced
[04/Dec/2013 02:34:04] INFO [myapp.views:41] ankitgupta synced
[04/Dec/2013 02:34:08] INFO [myapp.views:41] ankitgupta synced
[04/Dec/2013 02:34:12] INFO [myapp.views:41] ankitgupta synced
[04/Dec/2013 02:34:16] INFO [myapp.views:41] ankitgupta synced
[04/Dec/2013 02:34:21] INFO [myapp.views:41] ankitgupta synced
[04/Dec/2013 02:34:25] INFO [myapp.views:41] ankitgupta synced
[04/Dec/2013 02:34:29] INFO [myapp.views:41] ankitgupta synced
[04/Dec/2013 02:34:33] INFO [myapp.views:41] ankitgupta synced
[04/Dec/2013 02:34:37] INFO [myapp.views:41] ankitgupta synced
[04/Dec/2013 02:34:42] INFO [myapp.views:41] ankitgupta synced
[04/Dec/2013 02:34:46] INFO [myapp.views:41] ankitgupta synced
[04/Dec/2013 02:34:52] INFO [myapp.views:41] ankitgupta synced
[04/Dec/2013 02:34:56] INFO [myapp.views:41] ankitgupta synced
[04/Dec/2013 02:35:00] INFO [myapp.views:41] ankitgupta synced
[04/Dec/2013 02:35:05] INFO [myapp.views:41] ankitgupta synced
[04/Dec/2013 02:35:09] INFO [myapp.views:41] ankitgupta synced
[04/Dec/2013 02:35:13] INFO [myapp.views:41] ankitgupta synced
[04/Dec/2013 02:35:17] INFO [myapp.views:41] ankitgupta synced
[04/Dec/2013 02:35:22] INFO [myapp.views:41] ankitgupta synced
[04/Dec/2013 02:35:26] INFO [myapp.views:41] ankitgupta synced
[04/Dec/2013 02:35:30] INFO [myapp.views:41] ankitgupta synced
[04/Dec/2013 02:35:34] INFO [myapp.views:41] ankitgupta synced
[04/Dec/2013 02:35:39] INFO [myapp.views:41] ankitgupta synced
[04/Dec/2013 02:35:43] INFO [myapp.views:41] ankitgupta synced
[04/Dec/2013 02:35:47] INFO [myapp.views:41] ankitgupta synced
[04/Dec/2013 02:35:51] INFO [myapp.views:41] ankitgupta synced
[04/Dec/2013 02:35:55] INFO [myapp.views:41] ankitgupta synced
[04/Dec/2013 02:36:00] INFO [myapp.views:41] ankitgupta synced
[04/Dec/2013 02:36:04] INFO [myapp.views:41] ankitgupta synced
[04/Dec/2013 02:36:08] INFO [myapp.views:41] ankitgupta synced
[04/Dec/2013 02:36:12] INFO [myapp.views:41] ankitgupta synced
[04/Dec/2013 02:36:16] INFO [myapp.views:41] ankitgupta synced
[04/Dec/2013 02:36:21] INFO [myapp.views:41] ankitgupta synced
[04/Dec/2013 02:36:25] INFO [myapp.views:41] ankitgupta synced
[04/Dec/2013 02:36:29] INFO [myapp.views:41] ankitgupta synced
[04/Dec/2013 02:36:33] INFO [myapp.views:41] ankitgupta synced
[04/Dec/2013 02:36:38] INFO [myapp.views:41] ankitgupta synced
[04/Dec/2013 02:36:42] INFO [myapp.views:41] ankitgupta synced
[04/Dec/2013 02:36:46] INFO [myapp.views:41] ankitgupta synced
[04/Dec/2013 02:36:50] INFO [myapp.views:41] ankitgupta synced
[04/Dec/2013 02:36:54] INFO [myapp.views:41] ankitgupta synced
[04/Dec/2013 02:36:59] INFO [myapp.views:41] ankitgupta synced
[04/Dec/2013 02:37:03] INFO [myapp.views:41] ankitgupta synced
[04/Dec/2013 02:37:07] INFO [myapp.views:41] ankitgupta synced
[04/Dec/2013 02:37:11] INFO [myapp.views:41] ankitgupta synced
[04/Dec/2013 02:38:20] INFO [myapp.views:113] ankitgupta logged in
[04/Dec/2013 02:38:24] INFO [myapp.views:205] ankitgupta uploaded files
[04/Dec/2013 02:38:25] INFO [myapp.views:41] ankitgupta synced
[04/Dec/2013 02:38:29] INFO [myapp.views:41] ankitgupta synced
[04/Dec/2013 02:38:33] INFO [myapp.views:41] ankitgupta synced
[04/Dec/2013 02:38:37] INFO [myapp.views:41] ankitgupta synced
[04/Dec/2013 02:38:42] INFO [myapp.views:41] ankitgupta synced
[04/Dec/2013 02:38:46] INFO [myapp.views:41] ankitgupta synced
[04/Dec/2013 02:38:51] INFO [myapp.views:41] ankitgupta synced
[04/Dec/2013 02:38:52] INFO [myapp.views:113] ankitgupta logged in
[04/Dec/2013 02:38:53] INFO [myapp.views:205] ankitgupta uploaded files
[04/Dec/2013 02:38:53] INFO [myapp.views:41] ankitgupta synced
[04/Dec/2013 02:38:55] INFO [myapp.views:41] ankitgupta synced
[04/Dec/2013 02:38:58] INFO [myapp.views:41] ankitgupta synced
[04/Dec/2013 02:39:00] INFO [myapp.views:41] ankitgupta synced
[04/Dec/2013 02:39:02] INFO [myapp.views:41] ankitgupta synced
[04/Dec/2013 02:39:04] INFO [myapp.views:41] ankitgupta synced
[04/Dec/2013 02:39:06] INFO [myapp.views:41] ankitgupta synced
[04/Dec/2013 02:39:09] INFO [myapp.views:41] ankitgupta synced
[04/Dec/2013 02:39:10] INFO [myapp.views:41] ankitgupta synced
[04/Dec/2013 02:39:13] INFO [myapp.views:41] ankitgupta synced
[04/Dec/2013 02:39:14] INFO [myapp.views:41] ankitgupta synced
[04/Dec/2013 02:39:17] INFO [myapp.views:41] ankitgupta synced
[04/Dec/2013 02:39:18] INFO [myapp.views:41] ankitgupta synced
[04/Dec/2013 02:39:21] INFO [myapp.views:41] ankitgupta synced
[04/Dec/2013 02:39:22] INFO [myapp.views:41] ankitgupta synced
[04/Dec/2013 02:39:25] INFO [myapp.views:41] ankitgupta synced
[04/Dec/2013 02:39:26] INFO [myapp.views:41] ankitgupta synced
[04/Dec/2013 02:39:30] INFO [myapp.views:41] ankitgupta synced
[04/Dec/2013 02:39:30] INFO [myapp.views:41] ankitgupta synced
[04/Dec/2013 02:39:34] INFO [myapp.views:41] ankitgupta synced
[04/Dec/2013 02:39:34] INFO [myapp.views:41] ankitgupta synced
[04/Dec/2013 02:39:38] INFO [myapp.views:41] ankitgupta synced
[04/Dec/2013 02:39:39] INFO [myapp.views:41] ankitgupta synced
[04/Dec/2013 02:39:42] INFO [myapp.views:41] ankitgupta synced
[04/Dec/2013 02:39:43] INFO [myapp.views:41] ankitgupta synced
[04/Dec/2013 02:39:46] INFO [myapp.views:41] ankitgupta synced
[04/Dec/2013 02:39:47] INFO [myapp.views:41] ankitgupta synced
[04/Dec/2013 02:39:51] INFO [myapp.views:41] ankitgupta synced
[04/Dec/2013 02:39:51] INFO [myapp.views:41] ankitgupta synced
[04/Dec/2013 02:39:55] INFO [myapp.views:41] ankitgupta synced
[04/Dec/2013 02:39:55] INFO [myapp.views:41] ankitgupta synced
[04/Dec/2013 02:39:59] INFO [myapp.views:41] ankitgupta synced
[04/Dec/2013 02:40:00] INFO [myapp.views:41] ankitgupta synced
[04/Dec/2013 02:40:03] INFO [myapp.views:41] ankitgupta synced
[04/Dec/2013 02:40:04] INFO [myapp.views:41] ankitgupta synced
[04/Dec/2013 02:40:07] INFO [myapp.views:41] ankitgupta synced
[04/Dec/2013 02:40:08] INFO [myapp.views:41] ankitgupta synced
[04/Dec/2013 02:40:11] INFO [myapp.views:41] ankitgupta synced
[04/Dec/2013 02:40:12] INFO [myapp.views:41] ankitgupta synced
[04/Dec/2013 02:40:16] INFO [myapp.views:41] ankitgupta synced
[04/Dec/2013 02:40:17] INFO [myapp.views:41] ankitgupta synced
[04/Dec/2013 02:40:20] INFO [myapp.views:41] ankitgupta synced
[04/Dec/2013 02:40:21] INFO [myapp.views:41] ankitgupta synced
[04/Dec/2013 02:40:24] INFO [myapp.views:41] ankitgupta synced
[04/Dec/2013 02:40:25] INFO [myapp.views:41] ankitgupta synced
[04/Dec/2013 02:40:28] INFO [myapp.views:41] ankitgupta synced
[04/Dec/2013 02:40:30] INFO [myapp.views:41] ankitgupta synced
[04/Dec/2013 02:40:32] INFO [myapp.views:41] ankitgupta synced
[04/Dec/2013 02:40:34] INFO [myapp.views:41] ankitgupta synced
[04/Dec/2013 02:40:36] INFO [myapp.views:41] ankitgupta synced
[04/Dec/2013 02:40:39] INFO [myapp.views:41] ankitgupta synced
[04/Dec/2013 02:40:40] INFO [myapp.views:41] ankitgupta synced
[04/Dec/2013 02:40:43] INFO [myapp.views:41] ankitgupta synced
[04/Dec/2013 02:40:44] INFO [myapp.views:41] ankitgupta synced
[04/Dec/2013 02:40:47] INFO [myapp.views:41] ankitgupta synced
[04/Dec/2013 02:40:48] INFO [myapp.views:41] ankitgupta synced
[04/Dec/2013 02:40:52] INFO [myapp.views:41] ankitgupta synced
[04/Dec/2013 02:40:52] INFO [myapp.views:41] ankitgupta synced
[04/Dec/2013 02:40:56] INFO [myapp.views:41] ankitgupta synced
[04/Dec/2013 02:40:57] INFO [myapp.views:41] ankitgupta synced
[04/Dec/2013 02:41:00] INFO [myapp.views:41] ankitgupta synced
[04/Dec/2013 02:41:01] INFO [myapp.views:41] ankitgupta synced
[04/Dec/2013 02:41:04] INFO [myapp.views:41] ankitgupta synced
[04/Dec/2013 02:41:05] INFO [myapp.views:41] ankitgupta synced
[04/Dec/2013 02:41:08] INFO [myapp.views:41] ankitgupta synced
[04/Dec/2013 02:41:09] INFO [myapp.views:41] ankitgupta synced
[04/Dec/2013 02:41:13] INFO [myapp.views:41] ankitgupta synced
[04/Dec/2013 02:41:13] INFO [myapp.views:41] ankitgupta synced
[04/Dec/2013 02:41:17] INFO [myapp.views:41] ankitgupta synced
[04/Dec/2013 02:41:17] INFO [myapp.views:41] ankitgupta synced
[04/Dec/2013 02:41:21] INFO [myapp.views:41] ankitgupta synced
[04/Dec/2013 02:41:21] INFO [myapp.views:41] ankitgupta synced
[04/Dec/2013 02:41:25] INFO [myapp.views:41] ankitgupta synced
[04/Dec/2013 02:41:25] INFO [myapp.views:41] ankitgupta synced
[04/Dec/2013 02:41:29] INFO [myapp.views:41] ankitgupta synced
[04/Dec/2013 02:41:30] INFO [myapp.views:41] ankitgupta synced
[04/Dec/2013 02:41:34] INFO [myapp.views:41] ankitgupta synced
[04/Dec/2013 02:41:34] INFO [myapp.views:41] ankitgupta synced
[04/Dec/2013 02:41:38] INFO [myapp.views:41] ankitgupta synced
[04/Dec/2013 02:41:38] INFO [myapp.views:41] ankitgupta synced
[04/Dec/2013 02:41:42] INFO [myapp.views:41] ankitgupta synced
[04/Dec/2013 02:41:42] INFO [myapp.views:41] ankitgupta synced
[04/Dec/2013 02:41:46] INFO [myapp.views:41] ankitgupta synced
[04/Dec/2013 02:41:50] INFO [myapp.views:41] ankitgupta synced
[04/Dec/2013 02:41:54] INFO [myapp.views:41] ankitgupta synced
[04/Dec/2013 02:41:58] INFO [myapp.views:41] ankitgupta synced
[04/Dec/2013 02:42:02] INFO [myapp.views:41] ankitgupta synced
[04/Dec/2013 02:42:07] INFO [myapp.views:41] ankitgupta synced
[04/Dec/2013 02:42:11] INFO [myapp.views:41] ankitgupta synced
[04/Dec/2013 02:42:15] INFO [myapp.views:41] ankitgupta synced
[04/Dec/2013 02:42:19] INFO [myapp.views:41] ankitgupta synced
[04/Dec/2013 02:42:23] INFO [myapp.views:41] ankitgupta synced
[04/Dec/2013 02:42:27] INFO [myapp.views:41] ankitgupta synced
[04/Dec/2013 02:42:31] INFO [myapp.views:41] ankitgupta synced
[04/Dec/2013 02:42:35] INFO [myapp.views:41] ankitgupta synced
[04/Dec/2013 02:42:39] INFO [myapp.views:41] ankitgupta synced
[04/Dec/2013 02:42:44] INFO [myapp.views:41] ankitgupta synced
[04/Dec/2013 02:42:48] INFO [myapp.views:41] ankitgupta synced
[04/Dec/2013 02:42:52] INFO [myapp.views:41] ankitgupta synced
[04/Dec/2013 02:42:56] INFO [myapp.views:41] ankitgupta synced
[04/Dec/2013 02:43:00] INFO [myapp.views:41] ankitgupta synced
[04/Dec/2013 02:43:04] INFO [myapp.views:41] ankitgupta synced
[04/Dec/2013 02:43:08] INFO [myapp.views:41] ankitgupta synced
[04/Dec/2013 02:43:12] INFO [myapp.views:41] ankitgupta synced
[04/Dec/2013 02:43:16] INFO [myapp.views:41] ankitgupta synced
[04/Dec/2013 02:43:20] INFO [myapp.views:41] ankitgupta synced
[04/Dec/2013 02:43:25] INFO [myapp.views:41] ankitgupta synced
[04/Dec/2013 02:43:29] INFO [myapp.views:41] ankitgupta synced
[04/Dec/2013 02:43:33] INFO [myapp.views:41] ankitgupta synced
[04/Dec/2013 02:43:37] INFO [myapp.views:41] ankitgupta synced
[04/Dec/2013 02:43:41] INFO [myapp.views:41] ankitgupta synced
[04/Dec/2013 02:43:45] INFO [myapp.views:41] ankitgupta synced
[04/Dec/2013 02:43:49] INFO [myapp.views:41] ankitgupta synced
[04/Dec/2013 02:43:53] INFO [myapp.views:41] ankitgupta synced
[04/Dec/2013 02:43:57] INFO [myapp.views:41] ankitgupta synced
[04/Dec/2013 02:44:02] INFO [myapp.views:41] ankitgupta synced
[04/Dec/2013 02:44:06] INFO [myapp.views:41] ankitgupta synced
[04/Dec/2013 02:44:10] INFO [myapp.views:41] ankitgupta synced
[04/Dec/2013 02:44:14] INFO [myapp.views:41] ankitgupta synced
[04/Dec/2013 02:44:18] INFO [myapp.views:41] ankitgupta synced
[04/Dec/2013 02:44:22] INFO [myapp.views:41] ankitgupta synced
[04/Dec/2013 02:44:26] INFO [myapp.views:41] ankitgupta synced
[04/Dec/2013 02:44:30] INFO [myapp.views:41] ankitgupta synced
[04/Dec/2013 02:44:34] INFO [myapp.views:41] ankitgupta synced
[04/Dec/2013 02:44:39] INFO [myapp.views:41] ankitgupta synced
[04/Dec/2013 02:44:43] INFO [myapp.views:41] ankitgupta synced
[04/Dec/2013 02:44:47] INFO [myapp.views:41] ankitgupta synced
